<html>
<head>
<title>TestNG:  Test</title>
<link href="../testng.css" rel="stylesheet" type="text/css" />
<link href="../my-testng.css" rel="stylesheet" type="text/css" />

<style type="text/css">
.log { display: none;} 
.stack-trace { display: none;} 
</style>
<script type="text/javascript">
<!--
function flip(e) {
  current = e.style.display;
  if (current == 'block') {
    e.style.display = 'none';
    return 0;
  }
  else {
    e.style.display = 'block';
    return 1;
  }
}

function toggleBox(szDivId, elem, msg1, msg2)
{
  var res = -1;  if (document.getElementById) {
    res = flip(document.getElementById(szDivId));
  }
  else if (document.all) {
    // this is the way old msie versions work
    res = flip(document.all[szDivId]);
  }
  if(elem) {
    if(res == 0) elem.innerHTML = msg1; else elem.innerHTML = msg2;
  }

}

function toggleAllBoxes() {
  if (document.getElementsByTagName) {
    d = document.getElementsByTagName('div');
    for (i = 0; i < d.length; i++) {
      if (d[i].className == 'log') {
        flip(d[i]);
      }
    }
  }
}

// -->
</script>

</head>
<body>
<h2 align='center'>Test</h2><table border='1' align="center">
<tr>
<td>Tests passed/Failed/Skipped:</td><td>52/9/1</td>
</tr><tr>
<td>Started on:</td><td>Wed May 28 20:47:12 IST 2025</td>
</tr>
<tr><td>Total time:</td><td>15 seconds (15606 ms)</td>
</tr><tr>
<td>Included groups:</td><td></td>
</tr><tr>
<td>Excluded groups:</td><td></td>
</tr>
</table><p/>
<small><i>(Hover the method name to see the test class name)</i></small><p/>
<table width='100%' border='1' class='invocation-failed'>
<tr><td colspan='4' align='center'><b>FAILED TESTS</b></td></tr>
<tr><td><b>Test method</b></td>
<td><b>Attribute(s)</b></td>
<td width="30%"><b>Exception</b></td>
<td width="10%"><b>Time (seconds)</b></td>
<td><b>Instance</b></td>
</tr>
<tr>
<td title='org.xyz.automation.proj.FetchData.calendarfun()'><b>calendarfun</b><br>Test class: org.xyz.automation.proj.FetchData</td>
<td><div><pre>java.lang.AssertionError: The following asserts failed:
	expected [https://www.facebook.com] but found [https://www.facebook.com/]
	at org.xyz.automation.proj.FetchData.calendarfun(FetchData.java:62)
	at java.base/java.util.ArrayList.forEach(ArrayList.java:1511)
... Removed 29 stack frames</pre></div><a href='#' onClick='toggleBox("stack-trace890160158", this, "Click to show all stack frames", "Click to hide stack frames")'>Click to show all stack frames</a>
<div class='stack-trace' id='stack-trace890160158'><pre>java.lang.AssertionError: The following asserts failed:
	expected [https://www.facebook.com] but found [https://www.facebook.com/]
	at org.testng.asserts.SoftAssert.assertAll(SoftAssert.java:46)
	at org.testng.asserts.SoftAssert.assertAll(SoftAssert.java:30)
	at org.xyz.automation.proj.FetchData.calendarfun(FetchData.java:62)
	at java.base/jdk.internal.reflect.NativeMethodAccessorImpl.invoke0(Native Method)
	at java.base/jdk.internal.reflect.NativeMethodAccessorImpl.invoke(NativeMethodAccessorImpl.java:77)
	at java.base/jdk.internal.reflect.DelegatingMethodAccessorImpl.invoke(DelegatingMethodAccessorImpl.java:43)
	at java.base/java.lang.reflect.Method.invoke(Method.java:568)
	at org.testng.internal.invokers.MethodInvocationHelper.invokeMethod(MethodInvocationHelper.java:141)
	at org.testng.internal.invokers.TestInvoker.invokeMethod(TestInvoker.java:687)
	at org.testng.internal.invokers.TestInvoker.invokeTestMethod(TestInvoker.java:230)
	at org.testng.internal.invokers.MethodRunner.runInSequence(MethodRunner.java:63)
	at org.testng.internal.invokers.TestInvoker$MethodInvocationAgent.invoke(TestInvoker.java:995)
	at org.testng.internal.invokers.TestInvoker.invokeTestMethods(TestInvoker.java:203)
	at org.testng.internal.invokers.TestMethodWorker.invokeTestMethods(TestMethodWorker.java:154)
	at org.testng.internal.invokers.TestMethodWorker.run(TestMethodWorker.java:134)
	at java.base/java.util.ArrayList.forEach(ArrayList.java:1511)
	at org.testng.TestRunner.privateRun(TestRunner.java:741)
	at org.testng.TestRunner.run(TestRunner.java:616)
	at org.testng.SuiteRunner.runTest(SuiteRunner.java:421)
	at org.testng.SuiteRunner.runSequentially(SuiteRunner.java:413)
	at org.testng.SuiteRunner.privateRun(SuiteRunner.java:373)
	at org.testng.SuiteRunner.run(SuiteRunner.java:312)
	at org.testng.SuiteRunnerWorker.runSuite(SuiteRunnerWorker.java:52)
	at org.testng.SuiteRunnerWorker.run(SuiteRunnerWorker.java:95)
	at org.testng.TestNG.runSuitesSequentially(TestNG.java:1274)
	at org.testng.TestNG.runSuitesLocally(TestNG.java:1208)
	at org.testng.TestNG.runSuites(TestNG.java:1112)
	at org.testng.TestNG.run(TestNG.java:1079)
	at org.testng.remote.AbstractRemoteTestNG.run(AbstractRemoteTestNG.java:115)
	at org.testng.remote.RemoteTestNG.initAndRun(RemoteTestNG.java:293)
	at org.testng.remote.RemoteTestNG.main(RemoteTestNG.java:91)
</pre></div></td>
<td>5</td>
<td>org.xyz.automation.proj.FetchData@b3ca52e</td></tr>
<tr>
<td title='demoTestNG.FirstScenario6.third_testcase()'><b>third_testcase</b><br>Test class: demoTestNG.FirstScenario6</td>
<td><div><pre>java.lang.AssertionError: expected [true] but found [false]
	at demoTestNG.FirstScenario6.third_testcase(FirstScenario6.java:27)
	at java.base/java.util.ArrayList.forEach(ArrayList.java:1511)
... Removed 34 stack frames</pre></div><a href='#' onClick='toggleBox("stack-trace1180244251", this, "Click to show all stack frames", "Click to hide stack frames")'>Click to show all stack frames</a>
<div class='stack-trace' id='stack-trace1180244251'><pre>java.lang.AssertionError: expected [true] but found [false]
	at org.testng.Assert.fail(Assert.java:111)
	at org.testng.Assert.failNotEquals(Assert.java:1590)
	at org.testng.Assert.assertEqualsImpl(Assert.java:150)
	at org.testng.Assert.assertEquals(Assert.java:132)
	at org.testng.Assert.assertEquals(Assert.java:1079)
	at org.testng.Assert.assertEquals(Assert.java:1043)
	at org.testng.Assert.assertEquals(Assert.java:1089)
	at demoTestNG.FirstScenario6.third_testcase(FirstScenario6.java:27)
	at java.base/jdk.internal.reflect.NativeMethodAccessorImpl.invoke0(Native Method)
	at java.base/jdk.internal.reflect.NativeMethodAccessorImpl.invoke(NativeMethodAccessorImpl.java:77)
	at java.base/jdk.internal.reflect.DelegatingMethodAccessorImpl.invoke(DelegatingMethodAccessorImpl.java:43)
	at java.base/java.lang.reflect.Method.invoke(Method.java:568)
	at org.testng.internal.invokers.MethodInvocationHelper.invokeMethod(MethodInvocationHelper.java:141)
	at org.testng.internal.invokers.TestInvoker.invokeMethod(TestInvoker.java:687)
	at org.testng.internal.invokers.TestInvoker.invokeTestMethod(TestInvoker.java:230)
	at org.testng.internal.invokers.MethodRunner.runInSequence(MethodRunner.java:63)
	at org.testng.internal.invokers.TestInvoker$MethodInvocationAgent.invoke(TestInvoker.java:995)
	at org.testng.internal.invokers.TestInvoker.invokeTestMethods(TestInvoker.java:203)
	at org.testng.internal.invokers.TestMethodWorker.invokeTestMethods(TestMethodWorker.java:154)
	at org.testng.internal.invokers.TestMethodWorker.run(TestMethodWorker.java:134)
	at java.base/java.util.ArrayList.forEach(ArrayList.java:1511)
	at org.testng.TestRunner.privateRun(TestRunner.java:741)
	at org.testng.TestRunner.run(TestRunner.java:616)
	at org.testng.SuiteRunner.runTest(SuiteRunner.java:421)
	at org.testng.SuiteRunner.runSequentially(SuiteRunner.java:413)
	at org.testng.SuiteRunner.privateRun(SuiteRunner.java:373)
	at org.testng.SuiteRunner.run(SuiteRunner.java:312)
	at org.testng.SuiteRunnerWorker.runSuite(SuiteRunnerWorker.java:52)
	at org.testng.SuiteRunnerWorker.run(SuiteRunnerWorker.java:95)
	at org.testng.TestNG.runSuitesSequentially(TestNG.java:1274)
	at org.testng.TestNG.runSuitesLocally(TestNG.java:1208)
	at org.testng.TestNG.runSuites(TestNG.java:1112)
	at org.testng.TestNG.run(TestNG.java:1079)
	at org.testng.remote.AbstractRemoteTestNG.run(AbstractRemoteTestNG.java:115)
	at org.testng.remote.RemoteTestNG.initAndRun(RemoteTestNG.java:293)
	at org.testng.remote.RemoteTestNG.main(RemoteTestNG.java:91)
</pre></div></td>
<td>0</td>
<td>demoTestNG.FirstScenario6@752325ad</td></tr>
<tr>
<td title='demoTestNG.FirstScenario2.first_testcase()'><b>first_testcase</b><br>Test class: demoTestNG.FirstScenario2</td>
<td><div><pre>java.lang.AssertionError: expected [HelloWorld] but found [Hello]
	at demoTestNG.FirstScenario2.first_testcase(FirstScenario2.java:13)
	at java.base/java.util.ArrayList.forEach(ArrayList.java:1511)
... Removed 33 stack frames</pre></div><a href='#' onClick='toggleBox("stack-trace9797126", this, "Click to show all stack frames", "Click to hide stack frames")'>Click to show all stack frames</a>
<div class='stack-trace' id='stack-trace9797126'><pre>java.lang.AssertionError: expected [HelloWorld] but found [Hello]
	at org.testng.Assert.fail(Assert.java:111)
	at org.testng.Assert.failNotEquals(Assert.java:1590)
	at org.testng.Assert.assertEqualsImpl(Assert.java:150)
	at org.testng.Assert.assertEquals(Assert.java:132)
	at org.testng.Assert.assertEquals(Assert.java:656)
	at org.testng.Assert.assertEquals(Assert.java:666)
	at demoTestNG.FirstScenario2.first_testcase(FirstScenario2.java:13)
	at java.base/jdk.internal.reflect.NativeMethodAccessorImpl.invoke0(Native Method)
	at java.base/jdk.internal.reflect.NativeMethodAccessorImpl.invoke(NativeMethodAccessorImpl.java:77)
	at java.base/jdk.internal.reflect.DelegatingMethodAccessorImpl.invoke(DelegatingMethodAccessorImpl.java:43)
	at java.base/java.lang.reflect.Method.invoke(Method.java:568)
	at org.testng.internal.invokers.MethodInvocationHelper.invokeMethod(MethodInvocationHelper.java:141)
	at org.testng.internal.invokers.TestInvoker.invokeMethod(TestInvoker.java:687)
	at org.testng.internal.invokers.TestInvoker.invokeTestMethod(TestInvoker.java:230)
	at org.testng.internal.invokers.MethodRunner.runInSequence(MethodRunner.java:63)
	at org.testng.internal.invokers.TestInvoker$MethodInvocationAgent.invoke(TestInvoker.java:995)
	at org.testng.internal.invokers.TestInvoker.invokeTestMethods(TestInvoker.java:203)
	at org.testng.internal.invokers.TestMethodWorker.invokeTestMethods(TestMethodWorker.java:154)
	at org.testng.internal.invokers.TestMethodWorker.run(TestMethodWorker.java:134)
	at java.base/java.util.ArrayList.forEach(ArrayList.java:1511)
	at org.testng.TestRunner.privateRun(TestRunner.java:741)
	at org.testng.TestRunner.run(TestRunner.java:616)
	at org.testng.SuiteRunner.runTest(SuiteRunner.java:421)
	at org.testng.SuiteRunner.runSequentially(SuiteRunner.java:413)
	at org.testng.SuiteRunner.privateRun(SuiteRunner.java:373)
	at org.testng.SuiteRunner.run(SuiteRunner.java:312)
	at org.testng.SuiteRunnerWorker.runSuite(SuiteRunnerWorker.java:52)
	at org.testng.SuiteRunnerWorker.run(SuiteRunnerWorker.java:95)
	at org.testng.TestNG.runSuitesSequentially(TestNG.java:1274)
	at org.testng.TestNG.runSuitesLocally(TestNG.java:1208)
	at org.testng.TestNG.runSuites(TestNG.java:1112)
	at org.testng.TestNG.run(TestNG.java:1079)
	at org.testng.remote.AbstractRemoteTestNG.run(AbstractRemoteTestNG.java:115)
	at org.testng.remote.RemoteTestNG.initAndRun(RemoteTestNG.java:293)
	at org.testng.remote.RemoteTestNG.main(RemoteTestNG.java:91)
</pre></div></td>
<td>0</td>
<td>demoTestNG.FirstScenario2@7a8c8dcf</td></tr>
<tr>
<td title='demoTestNG.FirstScenario4.forth_testcase()'><b>forth_testcase</b><br>Test class: demoTestNG.FirstScenario4</td>
<td><div><pre>java.lang.AssertionError: expected [HelloWorld] but found [Hello]
	at demoTestNG.FirstScenario4.forth_testcase(FirstScenario4.java:32)
	at java.base/java.util.ArrayList.forEach(ArrayList.java:1511)
... Removed 33 stack frames</pre></div><a href='#' onClick='toggleBox("stack-trace875313400", this, "Click to show all stack frames", "Click to hide stack frames")'>Click to show all stack frames</a>
<div class='stack-trace' id='stack-trace875313400'><pre>java.lang.AssertionError: expected [HelloWorld] but found [Hello]
	at org.testng.Assert.fail(Assert.java:111)
	at org.testng.Assert.failNotEquals(Assert.java:1590)
	at org.testng.Assert.assertEqualsImpl(Assert.java:150)
	at org.testng.Assert.assertEquals(Assert.java:132)
	at org.testng.Assert.assertEquals(Assert.java:656)
	at org.testng.Assert.assertEquals(Assert.java:666)
	at demoTestNG.FirstScenario4.forth_testcase(FirstScenario4.java:32)
	at java.base/jdk.internal.reflect.NativeMethodAccessorImpl.invoke0(Native Method)
	at java.base/jdk.internal.reflect.NativeMethodAccessorImpl.invoke(NativeMethodAccessorImpl.java:77)
	at java.base/jdk.internal.reflect.DelegatingMethodAccessorImpl.invoke(DelegatingMethodAccessorImpl.java:43)
	at java.base/java.lang.reflect.Method.invoke(Method.java:568)
	at org.testng.internal.invokers.MethodInvocationHelper.invokeMethod(MethodInvocationHelper.java:141)
	at org.testng.internal.invokers.TestInvoker.invokeMethod(TestInvoker.java:687)
	at org.testng.internal.invokers.TestInvoker.invokeTestMethod(TestInvoker.java:230)
	at org.testng.internal.invokers.MethodRunner.runInSequence(MethodRunner.java:63)
	at org.testng.internal.invokers.TestInvoker$MethodInvocationAgent.invoke(TestInvoker.java:995)
	at org.testng.internal.invokers.TestInvoker.invokeTestMethods(TestInvoker.java:203)
	at org.testng.internal.invokers.TestMethodWorker.invokeTestMethods(TestMethodWorker.java:154)
	at org.testng.internal.invokers.TestMethodWorker.run(TestMethodWorker.java:134)
	at java.base/java.util.ArrayList.forEach(ArrayList.java:1511)
	at org.testng.TestRunner.privateRun(TestRunner.java:741)
	at org.testng.TestRunner.run(TestRunner.java:616)
	at org.testng.SuiteRunner.runTest(SuiteRunner.java:421)
	at org.testng.SuiteRunner.runSequentially(SuiteRunner.java:413)
	at org.testng.SuiteRunner.privateRun(SuiteRunner.java:373)
	at org.testng.SuiteRunner.run(SuiteRunner.java:312)
	at org.testng.SuiteRunnerWorker.runSuite(SuiteRunnerWorker.java:52)
	at org.testng.SuiteRunnerWorker.run(SuiteRunnerWorker.java:95)
	at org.testng.TestNG.runSuitesSequentially(TestNG.java:1274)
	at org.testng.TestNG.runSuitesLocally(TestNG.java:1208)
	at org.testng.TestNG.runSuites(TestNG.java:1112)
	at org.testng.TestNG.run(TestNG.java:1079)
	at org.testng.remote.AbstractRemoteTestNG.run(AbstractRemoteTestNG.java:115)
	at org.testng.remote.RemoteTestNG.initAndRun(RemoteTestNG.java:293)
	at org.testng.remote.RemoteTestNG.main(RemoteTestNG.java:91)
</pre></div></td>
<td>0</td>
<td>demoTestNG.FirstScenario4@1ce24091</td></tr>
<tr>
<td title='demoTestNG.FirstScenario2.third_testcase()'><b>third_testcase</b><br>Test class: demoTestNG.FirstScenario2</td>
<td><div><pre>java.lang.AssertionError: expected [HelloWorld] but found [Hello]
	at demoTestNG.FirstScenario2.third_testcase(FirstScenario2.java:27)
	at java.base/java.util.ArrayList.forEach(ArrayList.java:1511)
... Removed 33 stack frames</pre></div><a href='#' onClick='toggleBox("stack-trace1426963578", this, "Click to show all stack frames", "Click to hide stack frames")'>Click to show all stack frames</a>
<div class='stack-trace' id='stack-trace1426963578'><pre>java.lang.AssertionError: expected [HelloWorld] but found [Hello]
	at org.testng.Assert.fail(Assert.java:111)
	at org.testng.Assert.failNotEquals(Assert.java:1590)
	at org.testng.Assert.assertEqualsImpl(Assert.java:150)
	at org.testng.Assert.assertEquals(Assert.java:132)
	at org.testng.Assert.assertEquals(Assert.java:656)
	at org.testng.Assert.assertEquals(Assert.java:666)
	at demoTestNG.FirstScenario2.third_testcase(FirstScenario2.java:27)
	at java.base/jdk.internal.reflect.NativeMethodAccessorImpl.invoke0(Native Method)
	at java.base/jdk.internal.reflect.NativeMethodAccessorImpl.invoke(NativeMethodAccessorImpl.java:77)
	at java.base/jdk.internal.reflect.DelegatingMethodAccessorImpl.invoke(DelegatingMethodAccessorImpl.java:43)
	at java.base/java.lang.reflect.Method.invoke(Method.java:568)
	at org.testng.internal.invokers.MethodInvocationHelper.invokeMethod(MethodInvocationHelper.java:141)
	at org.testng.internal.invokers.TestInvoker.invokeMethod(TestInvoker.java:687)
	at org.testng.internal.invokers.TestInvoker.invokeTestMethod(TestInvoker.java:230)
	at org.testng.internal.invokers.MethodRunner.runInSequence(MethodRunner.java:63)
	at org.testng.internal.invokers.TestInvoker$MethodInvocationAgent.invoke(TestInvoker.java:995)
	at org.testng.internal.invokers.TestInvoker.invokeTestMethods(TestInvoker.java:203)
	at org.testng.internal.invokers.TestMethodWorker.invokeTestMethods(TestMethodWorker.java:154)
	at org.testng.internal.invokers.TestMethodWorker.run(TestMethodWorker.java:134)
	at java.base/java.util.ArrayList.forEach(ArrayList.java:1511)
	at org.testng.TestRunner.privateRun(TestRunner.java:741)
	at org.testng.TestRunner.run(TestRunner.java:616)
	at org.testng.SuiteRunner.runTest(SuiteRunner.java:421)
	at org.testng.SuiteRunner.runSequentially(SuiteRunner.java:413)
	at org.testng.SuiteRunner.privateRun(SuiteRunner.java:373)
	at org.testng.SuiteRunner.run(SuiteRunner.java:312)
	at org.testng.SuiteRunnerWorker.runSuite(SuiteRunnerWorker.java:52)
	at org.testng.SuiteRunnerWorker.run(SuiteRunnerWorker.java:95)
	at org.testng.TestNG.runSuitesSequentially(TestNG.java:1274)
	at org.testng.TestNG.runSuitesLocally(TestNG.java:1208)
	at org.testng.TestNG.runSuites(TestNG.java:1112)
	at org.testng.TestNG.run(TestNG.java:1079)
	at org.testng.remote.AbstractRemoteTestNG.run(AbstractRemoteTestNG.java:115)
	at org.testng.remote.RemoteTestNG.initAndRun(RemoteTestNG.java:293)
	at org.testng.remote.RemoteTestNG.main(RemoteTestNG.java:91)
</pre></div></td>
<td>0</td>
<td>demoTestNG.FirstScenario2@7a8c8dcf</td></tr>
<tr>
<td title='demoTestNG.FirstScenario8.second_testcase()'><b>second_testcase</b><br>Test class: demoTestNG.FirstScenario8</td>
<td><div><pre>java.lang.AssertionError: expected [HelloWorld] but found [Hello]
	at demoTestNG.FirstScenario8.second_testcase(FirstScenario8.java:20)
	at java.base/java.util.ArrayList.forEach(ArrayList.java:1511)
... Removed 33 stack frames</pre></div><a href='#' onClick='toggleBox("stack-trace1906879951", this, "Click to show all stack frames", "Click to hide stack frames")'>Click to show all stack frames</a>
<div class='stack-trace' id='stack-trace1906879951'><pre>java.lang.AssertionError: expected [HelloWorld] but found [Hello]
	at org.testng.Assert.fail(Assert.java:111)
	at org.testng.Assert.failNotEquals(Assert.java:1590)
	at org.testng.Assert.assertEqualsImpl(Assert.java:150)
	at org.testng.Assert.assertEquals(Assert.java:132)
	at org.testng.Assert.assertEquals(Assert.java:656)
	at org.testng.Assert.assertEquals(Assert.java:666)
	at demoTestNG.FirstScenario8.second_testcase(FirstScenario8.java:20)
	at java.base/jdk.internal.reflect.NativeMethodAccessorImpl.invoke0(Native Method)
	at java.base/jdk.internal.reflect.NativeMethodAccessorImpl.invoke(NativeMethodAccessorImpl.java:77)
	at java.base/jdk.internal.reflect.DelegatingMethodAccessorImpl.invoke(DelegatingMethodAccessorImpl.java:43)
	at java.base/java.lang.reflect.Method.invoke(Method.java:568)
	at org.testng.internal.invokers.MethodInvocationHelper.invokeMethod(MethodInvocationHelper.java:141)
	at org.testng.internal.invokers.TestInvoker.invokeMethod(TestInvoker.java:687)
	at org.testng.internal.invokers.TestInvoker.invokeTestMethod(TestInvoker.java:230)
	at org.testng.internal.invokers.MethodRunner.runInSequence(MethodRunner.java:63)
	at org.testng.internal.invokers.TestInvoker$MethodInvocationAgent.invoke(TestInvoker.java:995)
	at org.testng.internal.invokers.TestInvoker.invokeTestMethods(TestInvoker.java:203)
	at org.testng.internal.invokers.TestMethodWorker.invokeTestMethods(TestMethodWorker.java:154)
	at org.testng.internal.invokers.TestMethodWorker.run(TestMethodWorker.java:134)
	at java.base/java.util.ArrayList.forEach(ArrayList.java:1511)
	at org.testng.TestRunner.privateRun(TestRunner.java:741)
	at org.testng.TestRunner.run(TestRunner.java:616)
	at org.testng.SuiteRunner.runTest(SuiteRunner.java:421)
	at org.testng.SuiteRunner.runSequentially(SuiteRunner.java:413)
	at org.testng.SuiteRunner.privateRun(SuiteRunner.java:373)
	at org.testng.SuiteRunner.run(SuiteRunner.java:312)
	at org.testng.SuiteRunnerWorker.runSuite(SuiteRunnerWorker.java:52)
	at org.testng.SuiteRunnerWorker.run(SuiteRunnerWorker.java:95)
	at org.testng.TestNG.runSuitesSequentially(TestNG.java:1274)
	at org.testng.TestNG.runSuitesLocally(TestNG.java:1208)
	at org.testng.TestNG.runSuites(TestNG.java:1112)
	at org.testng.TestNG.run(TestNG.java:1079)
	at org.testng.remote.AbstractRemoteTestNG.run(AbstractRemoteTestNG.java:115)
	at org.testng.remote.RemoteTestNG.initAndRun(RemoteTestNG.java:293)
	at org.testng.remote.RemoteTestNG.main(RemoteTestNG.java:91)
</pre></div></td>
<td>0</td>
<td>demoTestNG.FirstScenario8@2aceadd4</td></tr>
<tr>
<td title='demoTestNG.FirstScenario7.fifth_testcase()'><b>fifth_testcase</b><br>Test class: demoTestNG.FirstScenario7</td>
<td><div><pre>java.lang.AssertionError: expected [Hello1] but found [Hello]
	at demoTestNG.FirstScenario7.fifth_testcase(FirstScenario7.java:39)
	at java.base/java.util.ArrayList.forEach(ArrayList.java:1511)
... Removed 33 stack frames</pre></div><a href='#' onClick='toggleBox("stack-trace1809194904", this, "Click to show all stack frames", "Click to hide stack frames")'>Click to show all stack frames</a>
<div class='stack-trace' id='stack-trace1809194904'><pre>java.lang.AssertionError: expected [Hello1] but found [Hello]
	at org.testng.Assert.fail(Assert.java:111)
	at org.testng.Assert.failNotEquals(Assert.java:1590)
	at org.testng.Assert.assertEqualsImpl(Assert.java:150)
	at org.testng.Assert.assertEquals(Assert.java:132)
	at org.testng.Assert.assertEquals(Assert.java:656)
	at org.testng.Assert.assertEquals(Assert.java:666)
	at demoTestNG.FirstScenario7.fifth_testcase(FirstScenario7.java:39)
	at java.base/jdk.internal.reflect.NativeMethodAccessorImpl.invoke0(Native Method)
	at java.base/jdk.internal.reflect.NativeMethodAccessorImpl.invoke(NativeMethodAccessorImpl.java:77)
	at java.base/jdk.internal.reflect.DelegatingMethodAccessorImpl.invoke(DelegatingMethodAccessorImpl.java:43)
	at java.base/java.lang.reflect.Method.invoke(Method.java:568)
	at org.testng.internal.invokers.MethodInvocationHelper.invokeMethod(MethodInvocationHelper.java:141)
	at org.testng.internal.invokers.TestInvoker.invokeMethod(TestInvoker.java:687)
	at org.testng.internal.invokers.TestInvoker.invokeTestMethod(TestInvoker.java:230)
	at org.testng.internal.invokers.MethodRunner.runInSequence(MethodRunner.java:63)
	at org.testng.internal.invokers.TestInvoker$MethodInvocationAgent.invoke(TestInvoker.java:995)
	at org.testng.internal.invokers.TestInvoker.invokeTestMethods(TestInvoker.java:203)
	at org.testng.internal.invokers.TestMethodWorker.invokeTestMethods(TestMethodWorker.java:154)
	at org.testng.internal.invokers.TestMethodWorker.run(TestMethodWorker.java:134)
	at java.base/java.util.ArrayList.forEach(ArrayList.java:1511)
	at org.testng.TestRunner.privateRun(TestRunner.java:741)
	at org.testng.TestRunner.run(TestRunner.java:616)
	at org.testng.SuiteRunner.runTest(SuiteRunner.java:421)
	at org.testng.SuiteRunner.runSequentially(SuiteRunner.java:413)
	at org.testng.SuiteRunner.privateRun(SuiteRunner.java:373)
	at org.testng.SuiteRunner.run(SuiteRunner.java:312)
	at org.testng.SuiteRunnerWorker.runSuite(SuiteRunnerWorker.java:52)
	at org.testng.SuiteRunnerWorker.run(SuiteRunnerWorker.java:95)
	at org.testng.TestNG.runSuitesSequentially(TestNG.java:1274)
	at org.testng.TestNG.runSuitesLocally(TestNG.java:1208)
	at org.testng.TestNG.runSuites(TestNG.java:1112)
	at org.testng.TestNG.run(TestNG.java:1079)
	at org.testng.remote.AbstractRemoteTestNG.run(AbstractRemoteTestNG.java:115)
	at org.testng.remote.RemoteTestNG.initAndRun(RemoteTestNG.java:293)
	at org.testng.remote.RemoteTestNG.main(RemoteTestNG.java:91)
</pre></div></td>
<td>0</td>
<td>demoTestNG.FirstScenario7@279fedbd</td></tr>
<tr>
<td title='demoTestNG.FirstScenario5.second_testcase()'><b>second_testcase</b><br>Test class: demoTestNG.FirstScenario5</td>
<td><div><pre>java.lang.AssertionError: expected [Hello1] but found [Hello]
	at demoTestNG.FirstScenario5.second_testcase(FirstScenario5.java:21)
	at java.base/java.util.ArrayList.forEach(ArrayList.java:1511)
... Removed 33 stack frames</pre></div><a href='#' onClick='toggleBox("stack-trace829149076", this, "Click to show all stack frames", "Click to hide stack frames")'>Click to show all stack frames</a>
<div class='stack-trace' id='stack-trace829149076'><pre>java.lang.AssertionError: expected [Hello1] but found [Hello]
	at org.testng.Assert.fail(Assert.java:111)
	at org.testng.Assert.failNotEquals(Assert.java:1590)
	at org.testng.Assert.assertEqualsImpl(Assert.java:150)
	at org.testng.Assert.assertEquals(Assert.java:132)
	at org.testng.Assert.assertEquals(Assert.java:656)
	at org.testng.Assert.assertEquals(Assert.java:666)
	at demoTestNG.FirstScenario5.second_testcase(FirstScenario5.java:21)
	at java.base/jdk.internal.reflect.NativeMethodAccessorImpl.invoke0(Native Method)
	at java.base/jdk.internal.reflect.NativeMethodAccessorImpl.invoke(NativeMethodAccessorImpl.java:77)
	at java.base/jdk.internal.reflect.DelegatingMethodAccessorImpl.invoke(DelegatingMethodAccessorImpl.java:43)
	at java.base/java.lang.reflect.Method.invoke(Method.java:568)
	at org.testng.internal.invokers.MethodInvocationHelper.invokeMethod(MethodInvocationHelper.java:141)
	at org.testng.internal.invokers.TestInvoker.invokeMethod(TestInvoker.java:687)
	at org.testng.internal.invokers.TestInvoker.invokeTestMethod(TestInvoker.java:230)
	at org.testng.internal.invokers.MethodRunner.runInSequence(MethodRunner.java:63)
	at org.testng.internal.invokers.TestInvoker$MethodInvocationAgent.invoke(TestInvoker.java:995)
	at org.testng.internal.invokers.TestInvoker.invokeTestMethods(TestInvoker.java:203)
	at org.testng.internal.invokers.TestMethodWorker.invokeTestMethods(TestMethodWorker.java:154)
	at org.testng.internal.invokers.TestMethodWorker.run(TestMethodWorker.java:134)
	at java.base/java.util.ArrayList.forEach(ArrayList.java:1511)
	at org.testng.TestRunner.privateRun(TestRunner.java:741)
	at org.testng.TestRunner.run(TestRunner.java:616)
	at org.testng.SuiteRunner.runTest(SuiteRunner.java:421)
	at org.testng.SuiteRunner.runSequentially(SuiteRunner.java:413)
	at org.testng.SuiteRunner.privateRun(SuiteRunner.java:373)
	at org.testng.SuiteRunner.run(SuiteRunner.java:312)
	at org.testng.SuiteRunnerWorker.runSuite(SuiteRunnerWorker.java:52)
	at org.testng.SuiteRunnerWorker.run(SuiteRunnerWorker.java:95)
	at org.testng.TestNG.runSuitesSequentially(TestNG.java:1274)
	at org.testng.TestNG.runSuitesLocally(TestNG.java:1208)
	at org.testng.TestNG.runSuites(TestNG.java:1112)
	at org.testng.TestNG.run(TestNG.java:1079)
	at org.testng.remote.AbstractRemoteTestNG.run(AbstractRemoteTestNG.java:115)
	at org.testng.remote.RemoteTestNG.initAndRun(RemoteTestNG.java:293)
	at org.testng.remote.RemoteTestNG.main(RemoteTestNG.java:91)
</pre></div></td>
<td>0</td>
<td>demoTestNG.FirstScenario5@5dda768f</td></tr>
<tr>
<td title='demoTestNG.FirstScenario6.first_testcase()'><b>first_testcase</b><br>Test class: demoTestNG.FirstScenario6</td>
<td><div><pre>java.lang.AssertionError: expected [HelloWorld] but found [Hello]
	at demoTestNG.FirstScenario6.first_testcase(FirstScenario6.java:13)
	at java.base/java.util.ArrayList.forEach(ArrayList.java:1511)
... Removed 33 stack frames</pre></div><a href='#' onClick='toggleBox("stack-trace670663110", this, "Click to show all stack frames", "Click to hide stack frames")'>Click to show all stack frames</a>
<div class='stack-trace' id='stack-trace670663110'><pre>java.lang.AssertionError: expected [HelloWorld] but found [Hello]
	at org.testng.Assert.fail(Assert.java:111)
	at org.testng.Assert.failNotEquals(Assert.java:1590)
	at org.testng.Assert.assertEqualsImpl(Assert.java:150)
	at org.testng.Assert.assertEquals(Assert.java:132)
	at org.testng.Assert.assertEquals(Assert.java:656)
	at org.testng.Assert.assertEquals(Assert.java:666)
	at demoTestNG.FirstScenario6.first_testcase(FirstScenario6.java:13)
	at java.base/jdk.internal.reflect.NativeMethodAccessorImpl.invoke0(Native Method)
	at java.base/jdk.internal.reflect.NativeMethodAccessorImpl.invoke(NativeMethodAccessorImpl.java:77)
	at java.base/jdk.internal.reflect.DelegatingMethodAccessorImpl.invoke(DelegatingMethodAccessorImpl.java:43)
	at java.base/java.lang.reflect.Method.invoke(Method.java:568)
	at org.testng.internal.invokers.MethodInvocationHelper.invokeMethod(MethodInvocationHelper.java:141)
	at org.testng.internal.invokers.TestInvoker.invokeMethod(TestInvoker.java:687)
	at org.testng.internal.invokers.TestInvoker.invokeTestMethod(TestInvoker.java:230)
	at org.testng.internal.invokers.MethodRunner.runInSequence(MethodRunner.java:63)
	at org.testng.internal.invokers.TestInvoker$MethodInvocationAgent.invoke(TestInvoker.java:995)
	at org.testng.internal.invokers.TestInvoker.invokeTestMethods(TestInvoker.java:203)
	at org.testng.internal.invokers.TestMethodWorker.invokeTestMethods(TestMethodWorker.java:154)
	at org.testng.internal.invokers.TestMethodWorker.run(TestMethodWorker.java:134)
	at java.base/java.util.ArrayList.forEach(ArrayList.java:1511)
	at org.testng.TestRunner.privateRun(TestRunner.java:741)
	at org.testng.TestRunner.run(TestRunner.java:616)
	at org.testng.SuiteRunner.runTest(SuiteRunner.java:421)
	at org.testng.SuiteRunner.runSequentially(SuiteRunner.java:413)
	at org.testng.SuiteRunner.privateRun(SuiteRunner.java:373)
	at org.testng.SuiteRunner.run(SuiteRunner.java:312)
	at org.testng.SuiteRunnerWorker.runSuite(SuiteRunnerWorker.java:52)
	at org.testng.SuiteRunnerWorker.run(SuiteRunnerWorker.java:95)
	at org.testng.TestNG.runSuitesSequentially(TestNG.java:1274)
	at org.testng.TestNG.runSuitesLocally(TestNG.java:1208)
	at org.testng.TestNG.runSuites(TestNG.java:1112)
	at org.testng.TestNG.run(TestNG.java:1079)
	at org.testng.remote.AbstractRemoteTestNG.run(AbstractRemoteTestNG.java:115)
	at org.testng.remote.RemoteTestNG.initAndRun(RemoteTestNG.java:293)
	at org.testng.remote.RemoteTestNG.main(RemoteTestNG.java:91)
</pre></div></td>
<td>0</td>
<td>demoTestNG.FirstScenario6@752325ad</td></tr>
</table><p>
<table width='100%' border='1' class='invocation-passed'>
<tr><td colspan='4' align='center'><b>PASSED TESTS</b></td></tr>
<tr><td><b>Test method</b></td>
<td><b>Attribute(s)</b></td>
<td width="30%"><b>Exception</b></td>
<td width="10%"><b>Time (seconds)</b></td>
<td><b>Instance</b></td>
</tr>
<tr>
<td title='demoTestNG.FirstScenario2.fifth_testcase()'><b>fifth_testcase</b><br>Test class: demoTestNG.FirstScenario2</td>
<td></td>
<td>0</td>
<td>demoTestNG.FirstScenario2@7a8c8dcf</td></tr>
<tr>
<td title='demoTestNG.FirstScenario8.forth_testcase()'><b>forth_testcase</b><br>Test class: demoTestNG.FirstScenario8</td>
<td></td>
<td>0</td>
<td>demoTestNG.FirstScenario8@2aceadd4</td></tr>
<tr>
<td title='demoTestNG.FirstScenario3.forth_testcase()'><b>forth_testcase</b><br>Test class: demoTestNG.FirstScenario3</td>
<td></td>
<td>0</td>
<td>demoTestNG.FirstScenario3@24269709</td></tr>
<tr>
<td title='demoTestNG.FirstScenario10.third_testcase()'><b>third_testcase</b><br>Test class: demoTestNG.FirstScenario10</td>
<td></td>
<td>0</td>
<td>demoTestNG.FirstScenario10@3c3d9b6b</td></tr>
<tr>
<td title='demoTestNG.FirstScenario2.sixth_testcase()'><b>sixth_testcase</b><br>Test class: demoTestNG.FirstScenario2</td>
<td></td>
<td>0</td>
<td>demoTestNG.FirstScenario2@7a8c8dcf</td></tr>
<tr>
<td title='demoTestNG.FirstScenario.forth_testcase()'><b>forth_testcase</b><br>Test class: demoTestNG.FirstScenario</td>
<td></td>
<td>0</td>
<td>demoTestNG.FirstScenario@2cd76f31</td></tr>
<tr>
<td title='demoTestNG.FirstScenario6.second_testcase()'><b>second_testcase</b><br>Test class: demoTestNG.FirstScenario6</td>
<td></td>
<td>0</td>
<td>demoTestNG.FirstScenario6@752325ad</td></tr>
<tr>
<td title='demoTestNG.FirstScenario4.first_testcase()'><b>first_testcase</b><br>Test class: demoTestNG.FirstScenario4</td>
<td></td>
<td>0</td>
<td>demoTestNG.FirstScenario4@1ce24091</td></tr>
<tr>
<td title='demoTestNG.FirstScenario4.third_testcase()'><b>third_testcase</b><br>Test class: demoTestNG.FirstScenario4</td>
<td></td>
<td>0</td>
<td>demoTestNG.FirstScenario4@1ce24091</td></tr>
<tr>
<td title='demoTestNG.FirstScenario5.sixth_testcase()'><b>sixth_testcase</b><br>Test class: demoTestNG.FirstScenario5</td>
<td></td>
<td>0</td>
<td>demoTestNG.FirstScenario5@5dda768f</td></tr>
<tr>
<td title='demoTestNG.FirstScenario3.sixth_testcase()'><b>sixth_testcase</b><br>Test class: demoTestNG.FirstScenario3</td>
<td></td>
<td>0</td>
<td>demoTestNG.FirstScenario3@24269709</td></tr>
<tr>
<td title='demoTestNG.FirstScenario9.forth_testcase()'><b>forth_testcase</b><br>Test class: demoTestNG.FirstScenario9</td>
<td></td>
<td>0</td>
<td>demoTestNG.FirstScenario9@24aed80c</td></tr>
<tr>
<td title='demoTestNG.FirstScenario10.forth_testcase()'><b>forth_testcase</b><br>Test class: demoTestNG.FirstScenario10</td>
<td></td>
<td>0</td>
<td>demoTestNG.FirstScenario10@3c3d9b6b</td></tr>
<tr>
<td title='demoTestNG.FirstScenario3.fifth_testcase()'><b>fifth_testcase</b><br>Test class: demoTestNG.FirstScenario3</td>
<td></td>
<td>0</td>
<td>demoTestNG.FirstScenario3@24269709</td></tr>
<tr>
<td title='demoTestNG.FirstScenario10.first_testcase()'><b>first_testcase</b><br>Test class: demoTestNG.FirstScenario10</td>
<td></td>
<td>0</td>
<td>demoTestNG.FirstScenario10@3c3d9b6b</td></tr>
<tr>
<td title='demoTestNG.FirstScenario8.first_testcase()'><b>first_testcase</b><br>Test class: demoTestNG.FirstScenario8</td>
<td></td>
<td>0</td>
<td>demoTestNG.FirstScenario8@2aceadd4</td></tr>
<tr>
<td title='demoTestNG.FirstScenario5.first_testcase()'><b>first_testcase</b><br>Test class: demoTestNG.FirstScenario5</td>
<td></td>
<td>0</td>
<td>demoTestNG.FirstScenario5@5dda768f</td></tr>
<tr>
<td title='demoTestNG.FirstScenario2.forth_testcase()'><b>forth_testcase</b><br>Test class: demoTestNG.FirstScenario2</td>
<td></td>
<td>0</td>
<td>demoTestNG.FirstScenario2@7a8c8dcf</td></tr>
<tr>
<td title='demoTestNG.FirstScenario7.first_testcase()'><b>first_testcase</b><br>Test class: demoTestNG.FirstScenario7</td>
<td></td>
<td>0</td>
<td>demoTestNG.FirstScenario7@279fedbd</td></tr>
<tr>
<td title='demoTestNG.FirstScenario6.fifth_testcase()'><b>fifth_testcase</b><br>Test class: demoTestNG.FirstScenario6</td>
<td></td>
<td>0</td>
<td>demoTestNG.FirstScenario6@752325ad</td></tr>
<tr>
<td title='demoTestNG.FirstScenario7.forth_testcase()'><b>forth_testcase</b><br>Test class: demoTestNG.FirstScenario7</td>
<td></td>
<td>0</td>
<td>demoTestNG.FirstScenario7@279fedbd</td></tr>
<tr>
<td title='demoTestNG.FirstScenario3.first_testcase()'><b>first_testcase</b><br>Test class: demoTestNG.FirstScenario3</td>
<td></td>
<td>0</td>
<td>demoTestNG.FirstScenario3@24269709</td></tr>
<tr>
<td title='demoTestNG.FirstScenario9.third_testcase()'><b>third_testcase</b><br>Test class: demoTestNG.FirstScenario9</td>
<td></td>
<td>0</td>
<td>demoTestNG.FirstScenario9@24aed80c</td></tr>
<tr>
<td title='demoTestNG.FirstScenario10.second_testcase()'><b>second_testcase</b><br>Test class: demoTestNG.FirstScenario10</td>
<td></td>
<td>0</td>
<td>demoTestNG.FirstScenario10@3c3d9b6b</td></tr>
<tr>
<td title='demoTestNG.FirstScenario4.fifth_testcase()'><b>fifth_testcase</b><br>Test class: demoTestNG.FirstScenario4</td>
<td></td>
<td>0</td>
<td>demoTestNG.FirstScenario4@1ce24091</td></tr>
<tr>
<td title='demoTestNG.FirstScenario7.sixth_testcase()'><b>sixth_testcase</b><br>Test class: demoTestNG.FirstScenario7</td>
<td></td>
<td>0</td>
<td>demoTestNG.FirstScenario7@279fedbd</td></tr>
<tr>
<td title='demoTestNG.FirstScenario4.second_testcase()'><b>second_testcase</b><br>Test class: demoTestNG.FirstScenario4</td>
<td></td>
<td>0</td>
<td>demoTestNG.FirstScenario4@1ce24091</td></tr>
<tr>
<td title='demoTestNG.FirstScenario9.fifth_testcase()'><b>fifth_testcase</b><br>Test class: demoTestNG.FirstScenario9</td>
<td></td>
<td>0</td>
<td>demoTestNG.FirstScenario9@24aed80c</td></tr>
<tr>
<td title='demoTestNG.FirstScenario8.fifth_testcase()'><b>fifth_testcase</b><br>Test class: demoTestNG.FirstScenario8</td>
<td></td>
<td>0</td>
<td>demoTestNG.FirstScenario8@2aceadd4</td></tr>
<tr>
<td title='org.xyz.automation.proj.FacebookPage.signup_func()'><b>signup_func</b><br>Test class: org.xyz.automation.proj.FacebookPage</td>
<td></td>
<td>4</td>
<td>org.xyz.automation.proj.FacebookPage@1ff4931d</td></tr>
<tr>
<td title='demoTestNG.FirstScenario10.sixth_testcase()'><b>sixth_testcase</b><br>Test class: demoTestNG.FirstScenario10</td>
<td></td>
<td>0</td>
<td>demoTestNG.FirstScenario10@3c3d9b6b</td></tr>
<tr>
<td title='demoTestNG.FirstScenario8.sixth_testcase()'><b>sixth_testcase</b><br>Test class: demoTestNG.FirstScenario8</td>
<td></td>
<td>0</td>
<td>demoTestNG.FirstScenario8@2aceadd4</td></tr>
<tr>
<td title='demoTestNG.FirstScenario2.second_testcase()'><b>second_testcase</b><br>Test class: demoTestNG.FirstScenario2</td>
<td></td>
<td>0</td>
<td>demoTestNG.FirstScenario2@7a8c8dcf</td></tr>
<tr>
<td title='demoTestNG.FirstScenario4.sixth_testcase()'><b>sixth_testcase</b><br>Test class: demoTestNG.FirstScenario4</td>
<td></td>
<td>0</td>
<td>demoTestNG.FirstScenario4@1ce24091</td></tr>
<tr>
<td title='demoTestNG.FirstScenario5.forth_testcase()'><b>forth_testcase</b><br>Test class: demoTestNG.FirstScenario5</td>
<td></td>
<td>0</td>
<td>demoTestNG.FirstScenario5@5dda768f</td></tr>
<tr>
<td title='demoTestNG.FirstScenario.first_testcase()'><b>first_testcase</b><br>Test class: demoTestNG.FirstScenario</td>
<td></td>
<td>0</td>
<td>demoTestNG.FirstScenario@2cd76f31</td></tr>
<tr>
<td title='demoTestNG.FirstScenario.sixth_testcase()'><b>sixth_testcase</b><br>Test class: demoTestNG.FirstScenario</td>
<td></td>
<td>0</td>
<td>demoTestNG.FirstScenario@2cd76f31</td></tr>
<tr>
<td title='demoTestNG.FirstScenario3.third_testcase()'><b>third_testcase</b><br>Test class: demoTestNG.FirstScenario3</td>
<td></td>
<td>0</td>
<td>demoTestNG.FirstScenario3@24269709</td></tr>
<tr>
<td title='demoTestNG.FirstScenario7.third_testcase()'><b>third_testcase</b><br>Test class: demoTestNG.FirstScenario7</td>
<td></td>
<td>0</td>
<td>demoTestNG.FirstScenario7@279fedbd</td></tr>
<tr>
<td title='demoTestNG.FirstScenario3.second_testcase()'><b>second_testcase</b><br>Test class: demoTestNG.FirstScenario3</td>
<td></td>
<td>0</td>
<td>demoTestNG.FirstScenario3@24269709</td></tr>
<tr>
<td title='demoTestNG.FirstScenario9.second_testcase()'><b>second_testcase</b><br>Test class: demoTestNG.FirstScenario9</td>
<td></td>
<td>0</td>
<td>demoTestNG.FirstScenario9@24aed80c</td></tr>
<tr>
<td title='demoTestNG.FirstScenario.second_testcase()'><b>second_testcase</b><br>Test class: demoTestNG.FirstScenario</td>
<td></td>
<td>0</td>
<td>demoTestNG.FirstScenario@2cd76f31</td></tr>
<tr>
<td title='demoTestNG.FirstScenario9.first_testcase()'><b>first_testcase</b><br>Test class: demoTestNG.FirstScenario9</td>
<td></td>
<td>0</td>
<td>demoTestNG.FirstScenario9@24aed80c</td></tr>
<tr>
<td title='demoTestNG.FirstScenario6.sixth_testcase()'><b>sixth_testcase</b><br>Test class: demoTestNG.FirstScenario6</td>
<td></td>
<td>0</td>
<td>demoTestNG.FirstScenario6@752325ad</td></tr>
<tr>
<td title='demoTestNG.FirstScenario8.third_testcase()'><b>third_testcase</b><br>Test class: demoTestNG.FirstScenario8</td>
<td></td>
<td>0</td>
<td>demoTestNG.FirstScenario8@2aceadd4</td></tr>
<tr>
<td title='demoTestNG.FirstScenario.third_testcase()'><b>third_testcase</b><br>Test class: demoTestNG.FirstScenario</td>
<td></td>
<td>0</td>
<td>demoTestNG.FirstScenario@2cd76f31</td></tr>
<tr>
<td title='demoTestNG.FirstScenario.fifth_testcase()'><b>fifth_testcase</b><br>Test class: demoTestNG.FirstScenario</td>
<td></td>
<td>0</td>
<td>demoTestNG.FirstScenario@2cd76f31</td></tr>
<tr>
<td title='demoTestNG.FirstScenario9.sixth_testcase()'><b>sixth_testcase</b><br>Test class: demoTestNG.FirstScenario9</td>
<td></td>
<td>0</td>
<td>demoTestNG.FirstScenario9@24aed80c</td></tr>
<tr>
<td title='demoTestNG.FirstScenario5.third_testcase()'><b>third_testcase</b><br>Test class: demoTestNG.FirstScenario5</td>
<td></td>
<td>0</td>
<td>demoTestNG.FirstScenario5@5dda768f</td></tr>
<tr>
<td title='demoTestNG.FirstScenario7.second_testcase()'><b>second_testcase</b><br>Test class: demoTestNG.FirstScenario7</td>
<td></td>
<td>0</td>
<td>demoTestNG.FirstScenario7@279fedbd</td></tr>
<tr>
<td title='demoTestNG.FirstScenario10.fifth_testcase()'><b>fifth_testcase</b><br>Test class: demoTestNG.FirstScenario10</td>
<td></td>
<td>0</td>
<td>demoTestNG.FirstScenario10@3c3d9b6b</td></tr>
<tr>
<td title='demoTestNG.FirstScenario5.fifth_testcase()'><b>fifth_testcase</b><br>Test class: demoTestNG.FirstScenario5</td>
<td></td>
<td>0</td>
<td>demoTestNG.FirstScenario5@5dda768f</td></tr>
</table><p>
<table width='100%' border='1' class='invocation-skipped'>
<tr><td colspan='4' align='center'><b>SKIPPED TESTS</b></td></tr>
<tr><td><b>Test method</b></td>
<td><b>Attribute(s)</b></td>
<td width="30%"><b>Exception</b></td>
<td width="10%"><b>Time (seconds)</b></td>
<td><b>Instance</b></td>
</tr>
<tr>
<td title='demoTestNG.FirstScenario6.forth_testcase()'><b>forth_testcase</b><br>Test class: demoTestNG.FirstScenario6</td>
<td><div><pre>java.lang.Throwable: Method demoTestNG.FirstScenario6.forth_testcase() on instance demoTestNG.FirstScenario6@752325ad depends on not successfully finished methods 
[demoTestNG.FirstScenario6.third_testcase() on instance demoTestNG.FirstScenario6@752325ad]
	at java.base/java.util.ArrayList.forEach(ArrayList.java:1511)
... Removed 18 stack frames</pre></div><a href='#' onClick='toggleBox("stack-trace690052870", this, "Click to show all stack frames", "Click to hide stack frames")'>Click to show all stack frames</a>
<div class='stack-trace' id='stack-trace690052870'><pre>java.lang.Throwable: Method demoTestNG.FirstScenario6.forth_testcase() on instance demoTestNG.FirstScenario6@752325ad depends on not successfully finished methods 
[demoTestNG.FirstScenario6.third_testcase() on instance demoTestNG.FirstScenario6@752325ad]
	at org.testng.internal.invokers.TestInvoker.invokeTestMethods(TestInvoker.java:159)
	at org.testng.internal.invokers.TestMethodWorker.invokeTestMethods(TestMethodWorker.java:154)
	at org.testng.internal.invokers.TestMethodWorker.run(TestMethodWorker.java:134)
	at java.base/java.util.ArrayList.forEach(ArrayList.java:1511)
	at org.testng.TestRunner.privateRun(TestRunner.java:741)
	at org.testng.TestRunner.run(TestRunner.java:616)
	at org.testng.SuiteRunner.runTest(SuiteRunner.java:421)
	at org.testng.SuiteRunner.runSequentially(SuiteRunner.java:413)
	at org.testng.SuiteRunner.privateRun(SuiteRunner.java:373)
	at org.testng.SuiteRunner.run(SuiteRunner.java:312)
	at org.testng.SuiteRunnerWorker.runSuite(SuiteRunnerWorker.java:52)
	at org.testng.SuiteRunnerWorker.run(SuiteRunnerWorker.java:95)
	at org.testng.TestNG.runSuitesSequentially(TestNG.java:1274)
	at org.testng.TestNG.runSuitesLocally(TestNG.java:1208)
	at org.testng.TestNG.runSuites(TestNG.java:1112)
	at org.testng.TestNG.run(TestNG.java:1079)
	at org.testng.remote.AbstractRemoteTestNG.run(AbstractRemoteTestNG.java:115)
	at org.testng.remote.RemoteTestNG.initAndRun(RemoteTestNG.java:293)
	at org.testng.remote.RemoteTestNG.main(RemoteTestNG.java:91)
</pre></div></td>
<td>0</td>
<td>demoTestNG.FirstScenario6@752325ad</td></tr>
</table><p>
</body>
</html>